# JRE version: OpenJDK Runtime Environment (17.0.6) (build 17.0.6+0-b2043.56-9586694)
# Java VM: OpenJDK 64-Bit Server VM (17.0.6+0-b2043.56-9586694, mixed mode, tiered, compressed oops, compressed class ptrs, g1 gc, windows-amd64)
GC Precious Log:
 CPUs: 8 total, 8 available
 Memory: 7986M
 Large Page Support: Disabled
 NUMA Support: Disabled
 Compressed Oops: Enabled (32-bit)
 Heap Region Size: 1M
 Heap Min Capacity: 8M
 Heap Initial Capacity: 126M
 Heap Max Capacity: 2G
 Pre-touch: Disabled
 Parallel Workers: 8
 Concurrent Workers: 2
 Concurrent Refinement Workers: 8
 Periodic GC: Disabled
Heap:
 garbage-first heap   total 71680K, used 42071K [0x0000000080000000, 0x0000000100000000)
  region size 1024K, 11 young (11264K), 4 survivors (4096K)
 Metaspace       used 54645K, committed 55104K, reserved 1097728K
  class space    used 7159K, committed 7360K, reserved 1048576K
GC Heap History (20 events):
Event: 16.200 GC heap before
{Heap before GC invocations=4 (full 0):
 garbage-first heap   total 71680K, used 53071K [0x0000000080000000, 0x0000000100000000)
  region size 1024K, 42 young (43008K), 9 survivors (9216K)
 Metaspace       used 26509K, committed 26880K, reserved 1073152K
  class space    used 3488K, committed 3648K, reserved 1048576K
}
Event: 16.213 GC heap after
{Heap after GC invocations=5 (full 0):
 garbage-first heap   total 71680K, used 20589K [0x0000000080000000, 0x0000000100000000)
  region size 1024K, 3 young (3072K), 3 survivors (3072K)
 Metaspace       used 26509K, committed 26880K, reserved 1073152K
  class space    used 3488K, committed 3648K, reserved 1048576K
}
Event: 16.284 GC heap before
{Heap before GC invocations=5 (full 0):
 garbage-first heap   total 71680K, used 21613K [0x0000000080000000, 0x0000000100000000)
  region size 1024K, 4 young (4096K), 3 survivors (3072K)
 Metaspace       used 26703K, committed 27008K, reserved 1073152K
  class space    used 3515K, committed 3648K, reserved 1048576K
}
Event: 16.288 GC heap after
{Heap after GC invocations=6 (full 0):
 garbage-first heap   total 71680K, used 20828K [0x0000000080000000, 0x0000000100000000)
  region size 1024K, 1 young (1024K), 1 survivors (1024K)
 Metaspace       used 26703K, committed 27008K, reserved 1073152K
  class space    used 3515K, committed 3648K, reserved 1048576K
}
Event: 17.871 GC heap before
{Heap before GC invocations=6 (full 0):
 garbage-first heap   total 71680K, used 50524K [0x0000000080000000, 0x0000000100000000)
  region size 1024K, 30 young (30720K), 1 survivors (1024K)
 Metaspace       used 31066K, committed 31360K, reserved 1081344K
  class space    used 4229K, committed 4352K, reserved 1048576K
}
Event: 17.875 GC heap after
{Heap after GC invocations=7 (full 0):
 garbage-first heap   total 71680K, used 22198K [0x0000000080000000, 0x0000000100000000)
  region size 1024K, 2 young (2048K), 2 survivors (2048K)
 Metaspace       used 31066K, committed 31360K, reserved 1081344K
  class space    used 4229K, committed 4352K, reserved 1048576K
}
Event: 19.145 GC heap before
{Heap before GC invocations=7 (full 0):
 garbage-first heap   total 71680K, used 45750K [0x0000000080000000, 0x0000000100000000)
  region size 1024K, 27 young (27648K), 2 survivors (2048K)
 Metaspace       used 35673K, committed 35968K, reserved 1081344K
  class space    used 4877K, committed 4992K, reserved 1048576K
}
Event: 19.153 GC heap after
{Heap after GC invocations=8 (full 0):
 garbage-first heap   total 71680K, used 24401K [0x0000000080000000, 0x0000000100000000)
  region size 1024K, 4 young (4096K), 4 survivors (4096K)
 Metaspace       used 35673K, committed 35968K, reserved 1081344K
  class space    used 4877K, committed 4992K, reserved 1048576K
}
Event: 20.864 GC heap before
{Heap before GC invocations=9 (full 0):
 garbage-first heap   total 71680K, used 53073K [0x0000000080000000, 0x0000000100000000)
  region size 1024K, 33 young (33792K), 4 survivors (4096K)
 Metaspace       used 40470K, committed 40832K, reserved 1089536K
  class space    used 5361K, committed 5504K, reserved 1048576K
}
Event: 20.876 GC heap after
{Heap after GC invocations=10 (full 0):
 garbage-first heap   total 71680K, used 28211K [0x0000000080000000, 0x0000000100000000)
  region size 1024K, 5 young (5120K), 5 survivors (5120K)
 Metaspace       used 40470K, committed 40832K, reserved 1089536K
  class space    used 5361K, committed 5504K, reserved 1048576K
}
Event: 20.896 GC heap before
{Heap before GC invocations=10 (full 0):
 garbage-first heap   total 71680K, used 29235K [0x0000000080000000, 0x0000000100000000)
  region size 1024K, 6 young (6144K), 5 survivors (5120K)
 Metaspace       used 40486K, committed 40832K, reserved 1089536K
  class space    used 5363K, committed 5504K, reserved 1048576K
}
Event: 20.905 GC heap after
{Heap after GC invocations=11 (full 0):
 garbage-first heap   total 71680K, used 28703K [0x0000000080000000, 0x0000000100000000)
  region size 1024K, 1 young (1024K), 1 survivors (1024K)
 Metaspace       used 40486K, committed 40832K, reserved 1089536K
  class space    used 5363K, committed 5504K, reserved 1048576K
}
Event: 22.096 GC heap before
{Heap before GC invocations=11 (full 0):
 garbage-first heap   total 71680K, used 56351K [0x0000000080000000, 0x0000000100000000)
  region size 1024K, 25 young (25600K), 1 survivors (1024K)
 Metaspace       used 42778K, committed 43136K, reserved 1089536K
  class space    used 5600K, committed 5760K, reserved 1048576K
}
Event: 22.101 GC heap after
{Heap after GC invocations=12 (full 0):
 garbage-first heap   total 71680K, used 30772K [0x0000000080000000, 0x0000000100000000)
  region size 1024K, 3 young (3072K), 3 survivors (3072K)
 Metaspace       used 42778K, committed 43136K, reserved 1089536K
  class space    used 5600K, committed 5760K, reserved 1048576K
}
Event: 23.025 GC heap before
{Heap before GC invocations=12 (full 0):
 garbage-first heap   total 71680K, used 54324K [0x0000000080000000, 0x0000000100000000)
  region size 1024K, 26 young (26624K), 3 survivors (3072K)
 Metaspace       used 45779K, committed 46144K, reserved 1089536K
  class space    used 6085K, committed 6208K, reserved 1048576K
}
Event: 23.032 GC heap after
{Heap after GC invocations=13 (full 0):
 garbage-first heap   total 71680K, used 32678K [0x0000000080000000, 0x0000000100000000)
  region size 1024K, 2 young (2048K), 2 survivors (2048K)
 Metaspace       used 45779K, committed 46144K, reserved 1089536K
  class space    used 6085K, committed 6208K, reserved 1048576K
}
Event: 24.288 GC heap before
{Heap before GC invocations=13 (full 0):
 garbage-first heap   total 71680K, used 56230K [0x0000000080000000, 0x0000000100000000)
  region size 1024K, 25 young (25600K), 2 survivors (2048K)
 Metaspace       used 49324K, committed 49728K, reserved 1097728K
  class space    used 6509K, committed 6656K, reserved 1048576K
}
Event: 24.296 GC heap after
{Heap after GC invocations=14 (full 0):
 garbage-first heap   total 71680K, used 33509K [0x0000000080000000, 0x0000000100000000)
  region size 1024K, 3 young (3072K), 3 survivors (3072K)
 Metaspace       used 49324K, committed 49728K, reserved 1097728K
  class space    used 6509K, committed 6656K, reserved 1048576K
}
Event: 26.021 GC heap before
{Heap before GC invocations=14 (full 0):
 garbage-first heap   total 71680K, used 57061K [0x0000000080000000, 0x0000000100000000)
  region size 1024K, 26 young (26624K), 3 survivors (3072K)
 Metaspace       used 53151K, committed 53568K, reserved 1097728K
  class space    used 6985K, committed 7168K, reserved 1048576K
}
Event: 26.030 GC heap after
{Heap after GC invocations=15 (full 0):
 garbage-first heap   total 71680K, used 35927K [0x0000000080000000, 0x0000000100000000)
  region size 1024K, 4 young (4096K), 4 survivors (4096K)
 Metaspace       used 53151K, committed 53568K, reserved 1097728K
  class space    used 6985K, committed 7168K, reserved 1048576K
}

